2025-08-09 18:02:50,321 - INFO - 登录PikPak成功
2025-08-09 18:02:50,321 - INFO - 根文件夹 'Bangumi' 已存在 (ID: <coroutine object PikPakApi.path_to_id at 0x102178d30>)
2025-08-09 18:02:50,321 - INFO - 成功加载 3 部动画数据
2025-08-09 18:02:50,321 - INFO - 文件夹 '琉璃的宝石 / Ruri no Houseki' 已存在 (ID: <coroutine object PikPakApi.path_to_id at 0x102178ea0>)
2025-08-09 18:02:50,321 - ERROR - 添加下载任务失败: PikPakApi.offline_download() got an unexpected keyword argument 'url'
2025-08-09 18:02:50,321 - ERROR - 添加剧集下载失败: 琉璃的宝石 / Ruri no Houseki E05.mp4
2025-08-09 18:02:51,326 - ERROR - 添加下载任务失败: PikPakApi.offline_download() got an unexpected keyword argument 'url'
2025-08-09 18:02:51,326 - ERROR - 添加剧集下载失败: 琉璃的宝石 / Ruri no Houseki E04.mp4
2025-08-09 18:02:52,332 - ERROR - 添加下载任务失败: PikPakApi.offline_download() got an unexpected keyword argument 'url'
2025-08-09 18:02:52,332 - ERROR - 添加剧集下载失败: 琉璃的宝石 / Ruri no Houseki E03.mp4
2025-08-09 18:02:53,337 - ERROR - 添加下载任务失败: PikPakApi.offline_download() got an unexpected keyword argument 'url'
2025-08-09 18:02:53,337 - ERROR - 添加剧集下载失败: 琉璃的宝石 / Ruri no Houseki E02.mp4
2025-08-09 18:02:54,339 - ERROR - 添加下载任务失败: PikPakApi.offline_download() got an unexpected keyword argument 'url'
2025-08-09 18:02:54,339 - ERROR - 添加剧集下载失败: 琉璃的宝石 / Ruri no Houseki E01.mp4
2025-08-09 18:02:55,341 - INFO - 文件夹 '碧蓝之海 第二季 / Grand Blue S2' 已存在 (ID: <coroutine object PikPakApi.path_to_id at 0x102179010>)
2025-08-09 18:02:55,341 - ERROR - 添加下载任务失败: PikPakApi.offline_download() got an unexpected keyword argument 'url'
2025-08-09 18:02:55,341 - ERROR - 添加剧集下载失败: 碧蓝之海 第二季 / Grand Blue S2 E05.mp4
2025-08-09 18:02:56,345 - ERROR - 添加下载任务失败: PikPakApi.offline_download() got an unexpected keyword argument 'url'
2025-08-09 18:02:56,346 - ERROR - 添加剧集下载失败: 碧蓝之海 第二季 / Grand Blue S2 E04.mp4
2025-08-09 18:02:57,346 - ERROR - 添加下载任务失败: PikPakApi.offline_download() got an unexpected keyword argument 'url'
2025-08-09 18:02:57,346 - ERROR - 添加剧集下载失败: 碧蓝之海 第二季 / Grand Blue S2 E03.mp4
2025-08-09 18:02:58,351 - ERROR - 添加下载任务失败: PikPakApi.offline_download() got an unexpected keyword argument 'url'
2025-08-09 18:02:58,351 - ERROR - 添加剧集下载失败: 碧蓝之海 第二季 / Grand Blue S2 E02.mp4
2025-08-09 18:02:59,356 - ERROR - 添加下载任务失败: PikPakApi.offline_download() got an unexpected keyword argument 'url'
2025-08-09 18:02:59,357 - ERROR - 添加剧集下载失败: 碧蓝之海 第二季 / Grand Blue S2 E01.mp4
2025-08-09 18:03:00,363 - INFO - 文件夹 'Nukitashi The Animation / 住在拔作岛上的贫乳该如何是好？' 已存在 (ID: <coroutine object PikPakApi.path_to_id at 0x102178ea0>)
2025-08-09 18:03:00,363 - ERROR - 添加下载任务失败: PikPakApi.offline_download() got an unexpected keyword argument 'url'
2025-08-09 18:03:00,364 - ERROR - 添加剧集下载失败: Nukitashi The Animation / 住在拔作岛上的贫乳该如何是好？ E03.mp4
2025-08-09 18:03:01,369 - ERROR - 添加下载任务失败: PikPakApi.offline_download() got an unexpected keyword argument 'url'
2025-08-09 18:03:01,369 - ERROR - 添加剧集下载失败: Nukitashi The Animation / 住在拔作岛上的贫乳该如何是好？ E02.mp4
2025-08-09 18:03:02,370 - ERROR - 添加下载任务失败: PikPakApi.offline_download() got an unexpected keyword argument 'url'
2025-08-09 18:03:02,370 - ERROR - 添加剧集下载失败: Nukitashi The Animation / 住在拔作岛上的贫乳该如何是好？ E01.mp4
2025-08-09 18:03:03,374 - INFO - 开始监控下载进度...
2025-08-09 18:03:03,374 - ERROR - 监控过程中出错: 'coroutine' object has no attribute 'get'
2025-08-09 18:08:51,846 - INFO - HTTP Request: POST https://user.mypikpak.com/v1/shield/captcha/init "HTTP/1.1 200 OK"
2025-08-09 18:08:52,185 - INFO - HTTP Request: POST https://user.mypikpak.com/v1/auth/signin "HTTP/1.1 200 OK"
2025-08-09 18:08:52,186 - INFO - 登录PikPak成功
2025-08-09 18:08:52,787 - INFO - HTTP Request: GET https://api-drive.mypikpak.com/drive/v1/files?parent_id=root&thumbnail_size=SIZE_MEDIUM&limit=100&with_audit=true&page_token=&filters=%7B%22trashed%22%3A+%7B%22eq%22%3A+false%7D%2C+%22phase%22%3A+%7B%22eq%22%3A+%22PHASE_TYPE_COMPLETE%22%7D%7D "HTTP/1.1 404 Not Found"
2025-08-09 18:08:52,788 - ERROR - 设置根文件夹失败: File or folder is not found
2025-08-09 18:08:52,788 - ERROR - 无法设置根文件夹，程序退出
2025-08-09 18:14:29,181 - INFO - HTTP Request: POST https://user.mypikpak.com/v1/shield/captcha/init "HTTP/1.1 200 OK"
2025-08-09 18:14:29,331 - INFO - HTTP Request: POST https://user.mypikpak.com/v1/auth/signin "HTTP/1.1 400 Bad Request"
2025-08-09 18:14:29,332 - ERROR - 登录失败: Invalid username or password
2025-08-09 18:14:29,332 - ERROR - 无法登录PikPak，程序退出
2025-08-09 18:14:43,229 - INFO - HTTP Request: POST https://user.mypikpak.com/v1/shield/captcha/init "HTTP/1.1 200 OK"
2025-08-09 18:14:43,521 - INFO - HTTP Request: POST https://user.mypikpak.com/v1/auth/signin "HTTP/1.1 200 OK"
2025-08-09 18:14:43,522 - INFO - 登录PikPak成功
2025-08-09 18:14:44,133 - INFO - HTTP Request: GET https://api-drive.mypikpak.com/drive/v1/files?parent_id=VOXDJE957ERLA8IV6Wjc4z2So2&thumbnail_size=SIZE_MEDIUM&limit=100&with_audit=true&page_token=&filters=%7B%22trashed%22%3A+%7B%22eq%22%3A+false%7D%2C+%22phase%22%3A+%7B%22eq%22%3A+%22PHASE_TYPE_COMPLETE%22%7D%7D "HTTP/1.1 200 OK"
2025-08-09 18:14:44,135 - INFO - 根文件夹 'Bangumi' 验证成功 (ID: VOXDJE957ERLA8IV6Wjc4z2So2)
2025-08-09 18:14:44,137 - INFO - 成功加载 3 部动画数据
2025-08-09 18:14:44,287 - INFO - HTTP Request: GET https://api-drive.mypikpak.com/drive/v1/files?parent_id=VOXDJE957ERLA8IV6Wjc4z2So2&thumbnail_size=SIZE_MEDIUM&limit=100&with_audit=true&page_token=&filters=%7B%22trashed%22%3A+%7B%22eq%22%3A+false%7D%2C+%22phase%22%3A+%7B%22eq%22%3A+%22PHASE_TYPE_COMPLETE%22%7D%7D "HTTP/1.1 200 OK"
2025-08-09 18:14:44,450 - INFO - HTTP Request: POST https://api-drive.mypikpak.com/drive/v1/files "HTTP/1.1 400 Bad Request"
2025-08-09 18:14:44,450 - ERROR - 创建文件夹 '琉璃的宝石 / Ruri no Houseki' 失败: The name contains illegal characters
2025-08-09 18:14:44,450 - ERROR - 无法为动画 '琉璃的宝石 / Ruri no Houseki' 创建文件夹
2025-08-09 18:14:44,620 - INFO - HTTP Request: GET https://api-drive.mypikpak.com/drive/v1/files?parent_id=VOXDJE957ERLA8IV6Wjc4z2So2&thumbnail_size=SIZE_MEDIUM&limit=100&with_audit=true&page_token=&filters=%7B%22trashed%22%3A+%7B%22eq%22%3A+false%7D%2C+%22phase%22%3A+%7B%22eq%22%3A+%22PHASE_TYPE_COMPLETE%22%7D%7D "HTTP/1.1 200 OK"
2025-08-09 18:14:44,792 - INFO - HTTP Request: POST https://api-drive.mypikpak.com/drive/v1/files "HTTP/1.1 400 Bad Request"
2025-08-09 18:14:44,793 - ERROR - 创建文件夹 '碧蓝之海 第二季 / Grand Blue S2' 失败: The name contains illegal characters
2025-08-09 18:14:44,793 - ERROR - 无法为动画 '碧蓝之海 第二季 / Grand Blue S2' 创建文件夹
2025-08-09 18:14:44,940 - INFO - HTTP Request: GET https://api-drive.mypikpak.com/drive/v1/files?parent_id=VOXDJE957ERLA8IV6Wjc4z2So2&thumbnail_size=SIZE_MEDIUM&limit=100&with_audit=true&page_token=&filters=%7B%22trashed%22%3A+%7B%22eq%22%3A+false%7D%2C+%22phase%22%3A+%7B%22eq%22%3A+%22PHASE_TYPE_COMPLETE%22%7D%7D "HTTP/1.1 200 OK"
2025-08-09 18:14:45,100 - INFO - HTTP Request: POST https://api-drive.mypikpak.com/drive/v1/files "HTTP/1.1 400 Bad Request"
2025-08-09 18:14:45,101 - ERROR - 创建文件夹 'Nukitashi The Animation / 住在拔作岛上的贫乳该如何是好？' 失败: The name contains illegal characters
2025-08-09 18:14:45,101 - ERROR - 无法为动画 'Nukitashi The Animation / 住在拔作岛上的贫乳该如何是好？' 创建文件夹
2025-08-09 18:14:45,101 - INFO - 开始监控下载进度...
2025-08-09 18:14:45,269 - INFO - HTTP Request: GET https://api-drive.mypikpak.com/drive/v1/tasks?type=offline&thumbnail_size=SIZE_SMALL&limit=10000&page_token=&filters=%7B%22phase%22%3A+%7B%22in%22%3A+%22PHASE_TYPE_RUNNING%2CPHASE_TYPE_ERROR%22%7D%7D&with=reference_resource "HTTP/1.1 200 OK"
2025-08-09 18:14:45,270 - INFO - 没有找到下载任务
2025-08-09 18:17:32,652 - INFO - HTTP Request: POST https://user.mypikpak.com/v1/shield/captcha/init "HTTP/1.1 200 OK"
2025-08-09 18:17:32,971 - INFO - HTTP Request: POST https://user.mypikpak.com/v1/auth/signin "HTTP/1.1 200 OK"
2025-08-09 18:17:32,972 - INFO - 登录PikPak成功
2025-08-09 18:17:33,606 - INFO - HTTP Request: GET https://api-drive.mypikpak.com/drive/v1/files?parent_id=VOXDJE957ERLA8IV6Wjc4z2So2&thumbnail_size=SIZE_MEDIUM&limit=100&with_audit=true&page_token=&filters=%7B%22trashed%22%3A+%7B%22eq%22%3A+false%7D%2C+%22phase%22%3A+%7B%22eq%22%3A+%22PHASE_TYPE_COMPLETE%22%7D%7D "HTTP/1.1 200 OK"
2025-08-09 18:17:33,608 - INFO - 根文件夹 'Bangumi' 验证成功 (ID: VOXDJE957ERLA8IV6Wjc4z2So2)
2025-08-09 18:17:33,609 - INFO - 成功加载 3 部动画数据
2025-08-09 18:17:33,610 - INFO - 尝试创建文件夹: '琉璃的宝石 / Ruri no Houseki' -> '琉璃的宝石   Ruri no Houseki'
2025-08-09 18:17:33,759 - INFO - HTTP Request: GET https://api-drive.mypikpak.com/drive/v1/files?parent_id=VOXDJE957ERLA8IV6Wjc4z2So2&thumbnail_size=SIZE_MEDIUM&limit=100&with_audit=true&page_token=&filters=%7B%22trashed%22%3A+%7B%22eq%22%3A+false%7D%2C+%22phase%22%3A+%7B%22eq%22%3A+%22PHASE_TYPE_COMPLETE%22%7D%7D "HTTP/1.1 200 OK"
2025-08-09 18:17:34,016 - INFO - HTTP Request: POST https://api-drive.mypikpak.com/drive/v1/files "HTTP/1.1 200 OK"
2025-08-09 18:17:34,017 - ERROR - 创建文件夹 '琉璃的宝石   Ruri no Houseki' 失败
2025-08-09 18:17:34,017 - ERROR - 无法为动画 '琉璃的宝石 / Ruri no Houseki' 创建文件夹
2025-08-09 18:17:34,017 - INFO - 尝试创建文件夹: '碧蓝之海 第二季 / Grand Blue S2' -> '碧蓝之海 第二季   Grand Blue S2'
2025-08-09 18:17:34,179 - INFO - HTTP Request: GET https://api-drive.mypikpak.com/drive/v1/files?parent_id=VOXDJE957ERLA8IV6Wjc4z2So2&thumbnail_size=SIZE_MEDIUM&limit=100&with_audit=true&page_token=&filters=%7B%22trashed%22%3A+%7B%22eq%22%3A+false%7D%2C+%22phase%22%3A+%7B%22eq%22%3A+%22PHASE_TYPE_COMPLETE%22%7D%7D "HTTP/1.1 200 OK"
2025-08-09 18:17:34,379 - INFO - HTTP Request: POST https://api-drive.mypikpak.com/drive/v1/files "HTTP/1.1 200 OK"
2025-08-09 18:17:34,380 - ERROR - 创建文件夹 '碧蓝之海 第二季   Grand Blue S2' 失败
2025-08-09 18:17:34,381 - ERROR - 无法为动画 '碧蓝之海 第二季 / Grand Blue S2' 创建文件夹
2025-08-09 18:17:34,381 - INFO - 尝试创建文件夹: 'Nukitashi The Animation / 住在拔作岛上的贫乳该如何是好？' -> 'Nukitashi The Animation   住在拔作岛上的贫乳该如何是好？'
2025-08-09 18:17:34,538 - INFO - HTTP Request: GET https://api-drive.mypikpak.com/drive/v1/files?parent_id=VOXDJE957ERLA8IV6Wjc4z2So2&thumbnail_size=SIZE_MEDIUM&limit=100&with_audit=true&page_token=&filters=%7B%22trashed%22%3A+%7B%22eq%22%3A+false%7D%2C+%22phase%22%3A+%7B%22eq%22%3A+%22PHASE_TYPE_COMPLETE%22%7D%7D "HTTP/1.1 200 OK"
2025-08-09 18:17:34,737 - INFO - HTTP Request: POST https://api-drive.mypikpak.com/drive/v1/files "HTTP/1.1 200 OK"
2025-08-09 18:17:34,738 - ERROR - 创建文件夹 'Nukitashi The Animation   住在拔作岛上的贫乳该如何是好？' 失败
2025-08-09 18:17:34,738 - ERROR - 无法为动画 'Nukitashi The Animation / 住在拔作岛上的贫乳该如何是好？' 创建文件夹
2025-08-09 18:17:34,738 - INFO - 开始监控下载进度...
2025-08-09 18:17:34,897 - INFO - HTTP Request: GET https://api-drive.mypikpak.com/drive/v1/tasks?type=offline&thumbnail_size=SIZE_SMALL&limit=10000&page_token=&filters=%7B%22phase%22%3A+%7B%22in%22%3A+%22PHASE_TYPE_RUNNING%2CPHASE_TYPE_ERROR%22%7D%7D&with=reference_resource "HTTP/1.1 200 OK"
2025-08-09 18:17:34,897 - INFO - 没有找到下载任务
2025-08-09 18:22:35,528 - INFO - HTTP Request: GET https://api-drive.mypikpak.com/drive/v1/tasks?type=offline&thumbnail_size=SIZE_SMALL&limit=10000&page_token=&filters=%7B%22phase%22%3A+%7B%22in%22%3A+%22PHASE_TYPE_RUNNING%2CPHASE_TYPE_ERROR%22%7D%7D&with=reference_resource "HTTP/1.1 200 OK"
2025-08-09 18:22:35,529 - INFO - 没有找到下载任务
2025-08-09 18:23:36,878 - INFO - HTTP Request: POST https://user.mypikpak.com/v1/shield/captcha/init "HTTP/1.1 200 OK"
2025-08-09 18:23:37,119 - INFO - HTTP Request: POST https://user.mypikpak.com/v1/auth/signin "HTTP/1.1 200 OK"
2025-08-09 18:23:37,119 - INFO - 登录PikPak成功
2025-08-09 18:23:37,734 - INFO - HTTP Request: GET https://api-drive.mypikpak.com/drive/v1/files?parent_id=VOXDJE957ERLA8IV6Wjc4z2So2&thumbnail_size=SIZE_MEDIUM&limit=100&with_audit=true&page_token=&filters=%7B%22trashed%22%3A+%7B%22eq%22%3A+false%7D%2C+%22phase%22%3A+%7B%22eq%22%3A+%22PHASE_TYPE_COMPLETE%22%7D%7D "HTTP/1.1 200 OK"
2025-08-09 18:23:37,734 - INFO - 根文件夹 'Bangumi' 验证成功 (ID: VOXDJE957ERLA8IV6Wjc4z2So2)
2025-08-09 18:23:37,736 - INFO - 成功加载 3 部动画数据
2025-08-09 18:23:37,736 - INFO - 尝试创建文件夹: '琉璃的宝石 / Ruri no Houseki' -> '琉璃的宝石   Ruri no Houseki'
2025-08-09 18:23:37,907 - INFO - HTTP Request: POST https://api-drive.mypikpak.com/drive/v1/files "HTTP/1.1 400 Bad Request"
2025-08-09 18:23:37,907 - ERROR - 创建文件夹 '琉璃的宝石   Ruri no Houseki' 失败: File name cannot be repeated
2025-08-09 18:23:37,908 - ERROR - 无法为动画 '琉璃的宝石 / Ruri no Houseki' 创建文件夹
2025-08-09 18:23:37,908 - INFO - 尝试创建文件夹: '碧蓝之海 第二季 / Grand Blue S2' -> '碧蓝之海 第二季   Grand Blue S2'
2025-08-09 18:23:38,094 - INFO - HTTP Request: POST https://api-drive.mypikpak.com/drive/v1/files "HTTP/1.1 400 Bad Request"
2025-08-09 18:23:38,094 - ERROR - 创建文件夹 '碧蓝之海 第二季   Grand Blue S2' 失败: File name cannot be repeated
2025-08-09 18:23:38,095 - ERROR - 无法为动画 '碧蓝之海 第二季 / Grand Blue S2' 创建文件夹
2025-08-09 18:23:38,095 - INFO - 尝试创建文件夹: 'Nukitashi The Animation / 住在拔作岛上的贫乳该如何是好？' -> 'Nukitashi The Animation   住在拔作岛上的贫乳该如何是好？'
2025-08-09 18:23:38,330 - INFO - HTTP Request: POST https://api-drive.mypikpak.com/drive/v1/files "HTTP/1.1 400 Bad Request"
2025-08-09 18:23:38,331 - ERROR - 创建文件夹 'Nukitashi The Animation   住在拔作岛上的贫乳该如何是好？' 失败: File name cannot be repeated
2025-08-09 18:23:38,331 - ERROR - 无法为动画 'Nukitashi The Animation / 住在拔作岛上的贫乳该如何是好？' 创建文件夹
2025-08-09 18:23:38,331 - INFO - 开始监控下载进度...
2025-08-09 18:23:38,504 - INFO - HTTP Request: GET https://api-drive.mypikpak.com/drive/v1/tasks?type=offline&thumbnail_size=SIZE_SMALL&limit=10000&page_token=&filters=%7B%22phase%22%3A+%7B%22in%22%3A+%22PHASE_TYPE_RUNNING%2CPHASE_TYPE_ERROR%22%7D%7D&with=reference_resource "HTTP/1.1 200 OK"
2025-08-09 18:23:38,506 - INFO - 没有找到下载任务
2025-08-09 18:27:05,035 - INFO - HTTP Request: POST https://user.mypikpak.com/v1/shield/captcha/init "HTTP/1.1 200 OK"
2025-08-09 18:27:05,304 - INFO - HTTP Request: POST https://user.mypikpak.com/v1/auth/signin "HTTP/1.1 200 OK"
2025-08-09 18:27:05,305 - INFO - 登录PikPak成功
2025-08-09 18:27:05,901 - INFO - HTTP Request: GET https://api-drive.mypikpak.com/drive/v1/files?parent_id=VOXDJE957ERLA8IV6Wjc4z2So2&thumbnail_size=SIZE_MEDIUM&limit=100&with_audit=true&page_token=&filters=%7B%22trashed%22%3A+%7B%22eq%22%3A+false%7D%2C+%22phase%22%3A+%7B%22eq%22%3A+%22PHASE_TYPE_COMPLETE%22%7D%7D "HTTP/1.1 200 OK"
2025-08-09 18:27:05,902 - INFO - 根文件夹 'Bangumi' 验证成功 (ID: VOXDJE957ERLA8IV6Wjc4z2So2)
2025-08-09 18:27:05,903 - INFO - 成功加载 3 部动画数据
2025-08-09 18:27:05,903 - INFO - 尝试创建文件夹: '琉璃的宝石 / Ruri no Houseki' -> '琉璃的宝石   Ruri no Houseki'
2025-08-09 18:27:06,068 - INFO - HTTP Request: POST https://api-drive.mypikpak.com/drive/v1/files "HTTP/1.1 200 OK"
2025-08-09 18:27:06,069 - ERROR - 创建文件夹 '琉璃的宝石   Ruri no Houseki' 失败: {
  "upload_type": "UPLOAD_TYPE_UNKNOWN",
  "file": {
    "kind": "drive#folder",
    "id": "VOXDMemhEmNtalspf2D2HYEmo2",
    "parent_id": "VOXDJE957ERLA8IV6Wjc4z2So2",
    "name": "\u7409\u7483\u7684\u5b9d\u77f3   Ruri no Houseki",
    "user_id": "aJcX1dYuqrLd2B72",
    "size": "0",
    "revision": "0",
    "file_extension": "",
    "mime_type": "",
    "starred": false,
    "web_content_link": "",
    "created_time": "2025-08-09T18:27:06.030+08:00",
    "modified_time": "2025-08-09T18:27:06.030+08:00",
    "icon_link": "https://static.mypikpak.com/7d6933d5cde34f200366685cba0cbc4592cfd363",
    "thumbnail_link": "",
    "md5_checksum": "",
    "hash": "",
    "links": {},
    "phase": "PHASE_TYPE_COMPLETE",
    "medias": [],
    "trashed": false,
    "delete_time": "",
    "original_url": "",
    "params": {
      "platform_icon": "https://static.mypikpak.com/21ecdc2c6b2372cdee91b193df9a6248b885a1b0"
    },
    "original_file_index": 0,
    "space": "",
    "apps": [],
    "writable": true,
    "folder_type": "NORMAL",
    "sort_name": "",
    "user_modified_time": "2025-08-09T18:27:06.030+08:00",
    "spell_name": [],
    "file_category": "OTHER",
    "tags": [],
    "reference_events": []
  }
}
2025-08-09 18:27:06,069 - ERROR - 无法为动画 '琉璃的宝石 / Ruri no Houseki' 创建文件夹
2025-08-09 18:27:06,069 - INFO - 尝试创建文件夹: '碧蓝之海 第二季 / Grand Blue S2' -> '碧蓝之海 第二季   Grand Blue S2'
2025-08-09 18:27:06,278 - INFO - HTTP Request: POST https://api-drive.mypikpak.com/drive/v1/files "HTTP/1.1 200 OK"
2025-08-09 18:27:06,279 - ERROR - 创建文件夹 '碧蓝之海 第二季   Grand Blue S2' 失败: {
  "upload_type": "UPLOAD_TYPE_UNKNOWN",
  "file": {
    "kind": "drive#folder",
    "id": "VOXDMepVm4VOdulmOGcv3yKKo2",
    "parent_id": "VOXDJE957ERLA8IV6Wjc4z2So2",
    "name": "\u78a7\u84dd\u4e4b\u6d77 \u7b2c\u4e8c\u5b63   Grand Blue S2",
    "user_id": "aJcX1dYuqrLd2B72",
    "size": "0",
    "revision": "0",
    "file_extension": "",
    "mime_type": "",
    "starred": false,
    "web_content_link": "",
    "created_time": "2025-08-09T18:27:06.209+08:00",
    "modified_time": "2025-08-09T18:27:06.209+08:00",
    "icon_link": "https://static.mypikpak.com/7d6933d5cde34f200366685cba0cbc4592cfd363",
    "thumbnail_link": "",
    "md5_checksum": "",
    "hash": "",
    "links": {},
    "phase": "PHASE_TYPE_COMPLETE",
    "medias": [],
    "trashed": false,
    "delete_time": "",
    "original_url": "",
    "params": {
      "platform_icon": "https://static.mypikpak.com/21ecdc2c6b2372cdee91b193df9a6248b885a1b0"
    },
    "original_file_index": 0,
    "space": "",
    "apps": [],
    "writable": true,
    "folder_type": "NORMAL",
    "sort_name": "",
    "user_modified_time": "2025-08-09T18:27:06.209+08:00",
    "spell_name": [],
    "file_category": "OTHER",
    "tags": [],
    "reference_events": []
  }
}
2025-08-09 18:27:06,279 - ERROR - 无法为动画 '碧蓝之海 第二季 / Grand Blue S2' 创建文件夹
2025-08-09 18:27:06,279 - INFO - 尝试创建文件夹: 'Nukitashi The Animation / 住在拔作岛上的贫乳该如何是好？' -> 'Nukitashi The Animation   住在拔作岛上的贫乳该如何是好？'
2025-08-09 18:27:06,794 - INFO - HTTP Request: POST https://api-drive.mypikpak.com/drive/v1/files "HTTP/1.1 200 OK"
2025-08-09 18:27:06,795 - ERROR - 创建文件夹 'Nukitashi The Animation   住在拔作岛上的贫乳该如何是好？' 失败: {
  "upload_type": "UPLOAD_TYPE_UNKNOWN",
  "file": {
    "kind": "drive#folder",
    "id": "VOXDMetdMynyODfpSUS_Nu2Do2",
    "parent_id": "VOXDJE957ERLA8IV6Wjc4z2So2",
    "name": "Nukitashi The Animation   \u4f4f\u5728\u62d4\u4f5c\u5c9b\u4e0a\u7684\u8d2b\u4e73\u8be5\u5982\u4f55\u662f\u597d\uff1f",
    "user_id": "aJcX1dYuqrLd2B72",
    "size": "0",
    "revision": "0",
    "file_extension": "",
    "mime_type": "",
    "starred": false,
    "web_content_link": "",
    "created_time": "2025-08-09T18:27:06.475+08:00",
    "modified_time": "2025-08-09T18:27:06.475+08:00",
    "icon_link": "https://static.mypikpak.com/7d6933d5cde34f200366685cba0cbc4592cfd363",
    "thumbnail_link": "",
    "md5_checksum": "",
    "hash": "",
    "links": {},
    "phase": "PHASE_TYPE_COMPLETE",
    "medias": [],
    "trashed": false,
    "delete_time": "",
    "original_url": "",
    "params": {
      "platform_icon": "https://static.mypikpak.com/21ecdc2c6b2372cdee91b193df9a6248b885a1b0"
    },
    "original_file_index": 0,
    "space": "",
    "apps": [],
    "writable": true,
    "folder_type": "NORMAL",
    "sort_name": "",
    "user_modified_time": "2025-08-09T18:27:06.475+08:00",
    "spell_name": [],
    "file_category": "OTHER",
    "tags": [],
    "reference_events": []
  }
}
2025-08-09 18:27:06,795 - ERROR - 无法为动画 'Nukitashi The Animation / 住在拔作岛上的贫乳该如何是好？' 创建文件夹
2025-08-09 18:27:06,795 - INFO - 开始监控下载进度...
2025-08-09 18:27:06,947 - INFO - HTTP Request: GET https://api-drive.mypikpak.com/drive/v1/tasks?type=offline&thumbnail_size=SIZE_SMALL&limit=10000&page_token=&filters=%7B%22phase%22%3A+%7B%22in%22%3A+%22PHASE_TYPE_RUNNING%2CPHASE_TYPE_ERROR%22%7D%7D&with=reference_resource "HTTP/1.1 200 OK"
2025-08-09 18:27:06,948 - INFO - 没有找到下载任务
2025-08-09 18:32:07,616 - INFO - HTTP Request: GET https://api-drive.mypikpak.com/drive/v1/tasks?type=offline&thumbnail_size=SIZE_SMALL&limit=10000&page_token=&filters=%7B%22phase%22%3A+%7B%22in%22%3A+%22PHASE_TYPE_RUNNING%2CPHASE_TYPE_ERROR%22%7D%7D&with=reference_resource "HTTP/1.1 200 OK"
2025-08-09 18:32:07,618 - INFO - 没有找到下载任务
2025-08-09 18:33:22,520 - INFO - HTTP Request: POST https://user.mypikpak.com/v1/shield/captcha/init "HTTP/1.1 200 OK"
2025-08-09 18:33:22,762 - INFO - HTTP Request: POST https://user.mypikpak.com/v1/auth/signin "HTTP/1.1 200 OK"
2025-08-09 18:33:22,763 - INFO - 登录PikPak成功
2025-08-09 18:33:23,409 - INFO - HTTP Request: GET https://api-drive.mypikpak.com/drive/v1/files?parent_id=VOXDJE957ERLA8IV6Wjc4z2So2&thumbnail_size=SIZE_MEDIUM&limit=100&with_audit=true&page_token=&filters=%7B%22trashed%22%3A+%7B%22eq%22%3A+false%7D%2C+%22phase%22%3A+%7B%22eq%22%3A+%22PHASE_TYPE_COMPLETE%22%7D%7D "HTTP/1.1 200 OK"
2025-08-09 18:33:23,411 - INFO - 根文件夹 'Bangumi' 验证成功 (ID: VOXDJE957ERLA8IV6Wjc4z2So2)
2025-08-09 18:33:23,412 - INFO - 成功加载 3 部动画数据
2025-08-09 18:33:23,412 - INFO - 尝试创建文件夹: '琉璃的宝石 / Ruri no Houseki' -> '琉璃的宝石   Ruri no Houseki'
2025-08-09 18:33:23,563 - INFO - HTTP Request: GET https://api-drive.mypikpak.com/drive/v1/files?parent_id=VOXDJE957ERLA8IV6Wjc4z2So2&thumbnail_size=SIZE_MEDIUM&limit=100&with_audit=true&page_token=&filters=%7B%22trashed%22%3A+%7B%22eq%22%3A+false%7D%2C+%22phase%22%3A+%7B%22eq%22%3A+%22PHASE_TYPE_COMPLETE%22%7D%7D "HTTP/1.1 200 OK"
2025-08-09 18:33:23,565 - INFO - 文件夹 '琉璃的宝石   Ruri no Houseki' 已存在 (ID: VOXDMemhEmNtalspf2D2HYEmo2)
2025-08-09 18:33:23,812 - INFO - HTTP Request: POST https://api-drive.mypikpak.com/drive/v1/files "HTTP/1.1 200 OK"
2025-08-09 18:33:23,813 - ERROR - 添加下载任务失败: 未知错误
2025-08-09 18:33:23,813 - ERROR - 添加剧集下载失败: 琉璃的宝石 / Ruri no Houseki E05.mp4
2025-08-09 18:33:25,144 - INFO - HTTP Request: POST https://api-drive.mypikpak.com/drive/v1/files "HTTP/1.1 200 OK"
2025-08-09 18:33:25,145 - ERROR - 添加下载任务失败: 未知错误
2025-08-09 18:33:25,145 - ERROR - 添加剧集下载失败: 琉璃的宝石 / Ruri no Houseki E04.mp4
2025-08-09 18:33:26,401 - INFO - HTTP Request: POST https://api-drive.mypikpak.com/drive/v1/files "HTTP/1.1 200 OK"
2025-08-09 18:33:26,402 - ERROR - 添加下载任务失败: 未知错误
2025-08-09 18:33:26,402 - ERROR - 添加剧集下载失败: 琉璃的宝石 / Ruri no Houseki E03.mp4
2025-08-09 18:33:27,808 - INFO - HTTP Request: POST https://api-drive.mypikpak.com/drive/v1/files "HTTP/1.1 200 OK"
2025-08-09 18:33:27,809 - ERROR - 添加下载任务失败: 未知错误
2025-08-09 18:33:27,810 - ERROR - 添加剧集下载失败: 琉璃的宝石 / Ruri no Houseki E02.mp4
2025-08-09 18:33:29,141 - INFO - HTTP Request: POST https://api-drive.mypikpak.com/drive/v1/files "HTTP/1.1 403 Forbidden"
2025-08-09 18:33:29,142 - ERROR - 添加下载任务失败: The number of free transfers has been used up, continued use requires Premium
2025-08-09 18:33:29,143 - ERROR - 添加剧集下载失败: 琉璃的宝石 / Ruri no Houseki E01.mp4
2025-08-09 18:33:30,144 - INFO - 尝试创建文件夹: '碧蓝之海 第二季 / Grand Blue S2' -> '碧蓝之海 第二季   Grand Blue S2'
2025-08-09 18:33:30,467 - INFO - HTTP Request: GET https://api-drive.mypikpak.com/drive/v1/files?parent_id=VOXDJE957ERLA8IV6Wjc4z2So2&thumbnail_size=SIZE_MEDIUM&limit=100&with_audit=true&page_token=&filters=%7B%22trashed%22%3A+%7B%22eq%22%3A+false%7D%2C+%22phase%22%3A+%7B%22eq%22%3A+%22PHASE_TYPE_COMPLETE%22%7D%7D "HTTP/1.1 200 OK"
2025-08-09 18:33:30,468 - INFO - 文件夹 '碧蓝之海 第二季   Grand Blue S2' 已存在 (ID: VOXDMepVm4VOdulmOGcv3yKKo2)
2025-08-09 18:33:30,777 - INFO - HTTP Request: POST https://api-drive.mypikpak.com/drive/v1/files "HTTP/1.1 403 Forbidden"
2025-08-09 18:33:30,777 - ERROR - 添加下载任务失败: The number of free transfers has been used up, continued use requires Premium
2025-08-09 18:33:30,777 - ERROR - 添加剧集下载失败: 碧蓝之海 第二季 / Grand Blue S2 E05.mp4
2025-08-09 18:33:31,980 - INFO - HTTP Request: POST https://api-drive.mypikpak.com/drive/v1/files "HTTP/1.1 403 Forbidden"
2025-08-09 18:33:31,981 - ERROR - 添加下载任务失败: The number of free transfers has been used up, continued use requires Premium
2025-08-09 18:33:31,981 - ERROR - 添加剧集下载失败: 碧蓝之海 第二季 / Grand Blue S2 E04.mp4
2025-08-09 18:33:33,234 - INFO - HTTP Request: POST https://api-drive.mypikpak.com/drive/v1/files "HTTP/1.1 403 Forbidden"
2025-08-09 18:33:33,235 - ERROR - 添加下载任务失败: The number of free transfers has been used up, continued use requires Premium
2025-08-09 18:33:33,235 - ERROR - 添加剧集下载失败: 碧蓝之海 第二季 / Grand Blue S2 E03.mp4
2025-08-09 18:33:34,458 - INFO - HTTP Request: POST https://api-drive.mypikpak.com/drive/v1/files "HTTP/1.1 403 Forbidden"
2025-08-09 18:33:34,459 - ERROR - 添加下载任务失败: The number of free transfers has been used up, continued use requires Premium
2025-08-09 18:33:34,459 - ERROR - 添加剧集下载失败: 碧蓝之海 第二季 / Grand Blue S2 E02.mp4
2025-08-09 18:33:35,701 - INFO - HTTP Request: POST https://api-drive.mypikpak.com/drive/v1/files "HTTP/1.1 403 Forbidden"
2025-08-09 18:33:35,702 - ERROR - 添加下载任务失败: The number of free transfers has been used up, continued use requires Premium
2025-08-09 18:33:35,702 - ERROR - 添加剧集下载失败: 碧蓝之海 第二季 / Grand Blue S2 E01.mp4
2025-08-09 18:33:36,703 - INFO - 尝试创建文件夹: 'Nukitashi The Animation / 住在拔作岛上的贫乳该如何是好？' -> 'Nukitashi The Animation   住在拔作岛上的贫乳该如何是好？'
2025-08-09 18:33:36,910 - INFO - HTTP Request: GET https://api-drive.mypikpak.com/drive/v1/files?parent_id=VOXDJE957ERLA8IV6Wjc4z2So2&thumbnail_size=SIZE_MEDIUM&limit=100&with_audit=true&page_token=&filters=%7B%22trashed%22%3A+%7B%22eq%22%3A+false%7D%2C+%22phase%22%3A+%7B%22eq%22%3A+%22PHASE_TYPE_COMPLETE%22%7D%7D "HTTP/1.1 200 OK"
2025-08-09 18:33:36,911 - INFO - 文件夹 'Nukitashi The Animation   住在拔作岛上的贫乳该如何是好？' 已存在 (ID: VOXDMetdMynyODfpSUS_Nu2Do2)
2025-08-09 18:33:37,098 - INFO - HTTP Request: POST https://api-drive.mypikpak.com/drive/v1/files "HTTP/1.1 403 Forbidden"
2025-08-09 18:33:37,099 - ERROR - 添加下载任务失败: The number of free transfers has been used up, continued use requires Premium
2025-08-09 18:33:37,099 - ERROR - 添加剧集下载失败: Nukitashi The Animation / 住在拔作岛上的贫乳该如何是好？ E03.mp4
2025-08-09 19:33:49,119 - INFO - HTTP Request: POST https://user.mypikpak.com/v1/shield/captcha/init "HTTP/1.1 200 OK"
2025-08-09 19:33:49,445 - INFO - HTTP Request: POST https://user.mypikpak.com/v1/auth/signin "HTTP/1.1 200 OK"
2025-08-09 19:33:49,446 - INFO - 登录PikPak成功
2025-08-09 19:33:50,208 - INFO - HTTP Request: GET https://api-drive.mypikpak.com/drive/v1/files?parent_id=VOXDJE957ERLA8IV6Wjc4z2So2&thumbnail_size=SIZE_MEDIUM&limit=100&with_audit=true&page_token=&filters=%7B%22trashed%22%3A+%7B%22eq%22%3A+false%7D%2C+%22phase%22%3A+%7B%22eq%22%3A+%22PHASE_TYPE_COMPLETE%22%7D%7D "HTTP/1.1 200 OK"
2025-08-09 19:33:50,210 - INFO - 根文件夹 'Bangumi' 验证成功 (ID: VOXDJE957ERLA8IV6Wjc4z2So2)
2025-08-09 19:33:50,211 - INFO - 成功加载 3 部动画数据
2025-08-09 19:33:50,211 - INFO - 尝试创建文件夹: '琉璃的宝石 / Ruri no Houseki' -> '琉璃的宝石   Ruri no Houseki'
2025-08-09 19:33:50,372 - INFO - HTTP Request: GET https://api-drive.mypikpak.com/drive/v1/files?parent_id=VOXDJE957ERLA8IV6Wjc4z2So2&thumbnail_size=SIZE_MEDIUM&limit=100&with_audit=true&page_token=&filters=%7B%22trashed%22%3A+%7B%22eq%22%3A+false%7D%2C+%22phase%22%3A+%7B%22eq%22%3A+%22PHASE_TYPE_COMPLETE%22%7D%7D "HTTP/1.1 200 OK"
2025-08-09 19:33:50,374 - INFO - 文件夹 '琉璃的宝石   Ruri no Houseki' 已存在 (ID: VOXDMemhEmNtalspf2D2HYEmo2)
2025-08-09 19:33:50,631 - INFO - HTTP Request: POST https://api-drive.mypikpak.com/drive/v1/files "HTTP/1.1 200 OK"
2025-08-09 19:33:50,632 - ERROR - 添加下载任务失败: 未知错误
2025-08-09 19:33:50,632 - ERROR - 添加剧集下载失败: 琉璃的宝石 / Ruri no Houseki E05.mp4
2025-08-09 19:33:51,857 - INFO - HTTP Request: POST https://api-drive.mypikpak.com/drive/v1/files "HTTP/1.1 200 OK"
2025-08-09 19:33:51,858 - ERROR - 添加下载任务失败: 未知错误
2025-08-09 19:33:51,858 - ERROR - 添加剧集下载失败: 琉璃的宝石 / Ruri no Houseki E04.mp4
2025-08-09 19:33:53,060 - INFO - HTTP Request: POST https://api-drive.mypikpak.com/drive/v1/files "HTTP/1.1 200 OK"
2025-08-09 19:33:53,062 - ERROR - 添加下载任务失败: 未知错误
2025-08-09 19:33:53,062 - ERROR - 添加剧集下载失败: 琉璃的宝石 / Ruri no Houseki E03.mp4
2025-08-09 19:33:54,358 - INFO - HTTP Request: POST https://api-drive.mypikpak.com/drive/v1/files "HTTP/1.1 200 OK"
2025-08-09 19:33:54,359 - ERROR - 添加下载任务失败: 未知错误
2025-08-09 19:33:54,359 - ERROR - 添加剧集下载失败: 琉璃的宝石 / Ruri no Houseki E02.mp4
2025-08-09 19:33:55,793 - INFO - HTTP Request: POST https://api-drive.mypikpak.com/drive/v1/files "HTTP/1.1 200 OK"
2025-08-09 19:33:55,794 - ERROR - 添加下载任务失败: 未知错误
2025-08-09 19:33:55,794 - ERROR - 添加剧集下载失败: 琉璃的宝石 / Ruri no Houseki E01.mp4
2025-08-09 19:33:56,795 - INFO - 尝试创建文件夹: '碧蓝之海 第二季 / Grand Blue S2' -> '碧蓝之海 第二季   Grand Blue S2'
2025-08-09 19:33:56,965 - INFO - HTTP Request: GET https://api-drive.mypikpak.com/drive/v1/files?parent_id=VOXDJE957ERLA8IV6Wjc4z2So2&thumbnail_size=SIZE_MEDIUM&limit=100&with_audit=true&page_token=&filters=%7B%22trashed%22%3A+%7B%22eq%22%3A+false%7D%2C+%22phase%22%3A+%7B%22eq%22%3A+%22PHASE_TYPE_COMPLETE%22%7D%7D "HTTP/1.1 200 OK"
2025-08-09 19:33:56,966 - INFO - 文件夹 '碧蓝之海 第二季   Grand Blue S2' 已存在 (ID: VOXDMepVm4VOdulmOGcv3yKKo2)
2025-08-09 19:33:57,162 - INFO - HTTP Request: POST https://api-drive.mypikpak.com/drive/v1/files "HTTP/1.1 200 OK"
2025-08-09 19:33:57,163 - ERROR - 添加下载任务失败: 未知错误
2025-08-09 19:33:57,163 - ERROR - 添加剧集下载失败: 碧蓝之海 第二季 / Grand Blue S2 E05.mp4
2025-08-09 19:33:58,456 - INFO - HTTP Request: POST https://api-drive.mypikpak.com/drive/v1/files "HTTP/1.1 200 OK"
2025-08-09 19:33:58,457 - ERROR - 添加下载任务失败: 未知错误
2025-08-09 19:33:58,458 - ERROR - 添加剧集下载失败: 碧蓝之海 第二季 / Grand Blue S2 E04.mp4
2025-08-09 19:33:59,786 - INFO - HTTP Request: POST https://api-drive.mypikpak.com/drive/v1/files "HTTP/1.1 200 OK"
2025-08-09 19:33:59,787 - ERROR - 添加下载任务失败: 未知错误
2025-08-09 19:33:59,787 - ERROR - 添加剧集下载失败: 碧蓝之海 第二季 / Grand Blue S2 E03.mp4
2025-08-09 19:34:01,004 - INFO - HTTP Request: POST https://api-drive.mypikpak.com/drive/v1/files "HTTP/1.1 200 OK"
2025-08-09 19:34:01,005 - ERROR - 添加下载任务失败: 未知错误
2025-08-09 19:34:01,005 - ERROR - 添加剧集下载失败: 碧蓝之海 第二季 / Grand Blue S2 E02.mp4
2025-08-09 19:34:02,346 - INFO - HTTP Request: POST https://api-drive.mypikpak.com/drive/v1/files "HTTP/1.1 200 OK"
2025-08-09 19:34:02,347 - ERROR - 添加下载任务失败: 未知错误
2025-08-09 19:34:02,347 - ERROR - 添加剧集下载失败: 碧蓝之海 第二季 / Grand Blue S2 E01.mp4
2025-08-09 19:34:03,348 - INFO - 尝试创建文件夹: 'Nukitashi The Animation / 住在拔作岛上的贫乳该如何是好？' -> 'Nukitashi The Animation   住在拔作岛上的贫乳该如何是好？'
2025-08-09 19:34:03,517 - INFO - HTTP Request: GET https://api-drive.mypikpak.com/drive/v1/files?parent_id=VOXDJE957ERLA8IV6Wjc4z2So2&thumbnail_size=SIZE_MEDIUM&limit=100&with_audit=true&page_token=&filters=%7B%22trashed%22%3A+%7B%22eq%22%3A+false%7D%2C+%22phase%22%3A+%7B%22eq%22%3A+%22PHASE_TYPE_COMPLETE%22%7D%7D "HTTP/1.1 200 OK"
2025-08-09 19:34:03,518 - INFO - 文件夹 'Nukitashi The Animation   住在拔作岛上的贫乳该如何是好？' 已存在 (ID: VOXDMetdMynyODfpSUS_Nu2Do2)
2025-08-09 19:34:03,779 - INFO - HTTP Request: POST https://api-drive.mypikpak.com/drive/v1/files "HTTP/1.1 200 OK"
2025-08-09 19:34:03,780 - ERROR - 添加下载任务失败: 未知错误
2025-08-09 19:34:03,780 - ERROR - 添加剧集下载失败: Nukitashi The Animation / 住在拔作岛上的贫乳该如何是好？ E03.mp4
2025-08-09 19:34:04,982 - INFO - HTTP Request: POST https://api-drive.mypikpak.com/drive/v1/files "HTTP/1.1 200 OK"
2025-08-09 19:34:04,982 - ERROR - 添加下载任务失败: 未知错误
2025-08-09 19:34:04,982 - ERROR - 添加剧集下载失败: Nukitashi The Animation / 住在拔作岛上的贫乳该如何是好？ E02.mp4
2025-08-09 19:34:06,237 - INFO - HTTP Request: POST https://api-drive.mypikpak.com/drive/v1/files "HTTP/1.1 200 OK"
2025-08-09 19:34:06,238 - ERROR - 添加下载任务失败: 未知错误
2025-08-09 19:34:06,238 - ERROR - 添加剧集下载失败: Nukitashi The Animation / 住在拔作岛上的贫乳该如何是好？ E01.mp4
2025-08-09 19:34:07,240 - INFO - 开始监控下载进度...
2025-08-09 19:34:07,405 - INFO - HTTP Request: GET https://api-drive.mypikpak.com/drive/v1/tasks?type=offline&thumbnail_size=SIZE_SMALL&limit=10000&page_token=&filters=%7B%22phase%22%3A+%7B%22in%22%3A+%22PHASE_TYPE_RUNNING%2CPHASE_TYPE_ERROR%22%7D%7D&with=reference_resource "HTTP/1.1 200 OK"
2025-08-09 19:34:07,406 - INFO - 下载状态: 排队中(0), 下载中(0), 已完成(0), 错误(0)
2025-08-09 19:34:07,406 - INFO - 所有任务已成功完成
2025-08-09 19:34:07,406 - INFO - 自动化下载任务完成
